<?xml version="1.0" encoding="UTF-8"?>
<testng-results skipped="0" failed="0" total="0" passed="0">
  <reporter-output>
  </reporter-output>
  <suite name="com.versioneye.AppTest" duration-ms="6" started-at="2015-06-25T19:19:29Z" finished-at="2015-06-25T19:19:29Z">
    <groups>
    </groups>
    <test name="Command line test" duration-ms="6" started-at="2015-06-25T19:19:29Z" finished-at="2015-06-25T19:19:29Z">
    </test> <!-- Command line test -->
  </suite> <!-- com.versioneye.AppTest -->
</testng-results>
